c:\users\peera\onedrive\documents\github\simple3dproject\out\vs2022\simple3dproject.dir\debug\vc143.pdb
c:\users\peera\onedrive\documents\github\simple3dproject\out\vs2022\simple3dproject.dir\debug\imgui_impl_opengl3.obj
c:\users\peera\onedrive\documents\github\simple3dproject\out\vs2022\simple3dproject.dir\debug\imgui_impl_glfw.obj
c:\users\peera\onedrive\documents\github\simple3dproject\out\vs2022\simple3dproject.dir\debug\imgui_tables.obj
c:\users\peera\onedrive\documents\github\simple3dproject\out\vs2022\simple3dproject.dir\debug\imgui.obj
c:\users\peera\onedrive\documents\github\simple3dproject\out\vs2022\simple3dproject.dir\debug\soundsystem.obj
c:\users\peera\onedrive\documents\github\simple3dproject\out\vs2022\simple3dproject.dir\debug\resourcemanager.obj
c:\users\peera\onedrive\documents\github\simple3dproject\out\vs2022\simple3dproject.dir\debug\texture.obj
c:\users\peera\onedrive\documents\github\simple3dproject\out\vs2022\simple3dproject.dir\debug\config.obj
c:\users\peera\onedrive\documents\github\simple3dproject\out\vs2022\simple3dproject.dir\debug\mesh.obj
c:\users\peera\onedrive\documents\github\simple3dproject\out\vs2022\simple3dproject.dir\debug\main.obj
c:\users\peera\onedrive\documents\github\simple3dproject\out\vs2022\simple3dproject.dir\debug\imgui_draw.obj
c:\users\peera\onedrive\documents\github\simple3dproject\out\vs2022\cmakefiles\generate.stamp
c:\users\peera\onedrive\documents\github\simple3dproject\out\vs2022\debug\simple3dproject.exe
c:\users\peera\onedrive\documents\github\simple3dproject\out\vs2022\debug\simple3dproject.pdb
c:\users\peera\onedrive\documents\github\simple3dproject\out\vs2022\simple3dproject.dir\debug\simple3dproject.ilk
c:\users\peera\onedrive\documents\github\simple3dproject\out\vs2022\simple3dproject.dir\debug\simple3dproject.tlog\cl.command.1.tlog
c:\users\peera\onedrive\documents\github\simple3dproject\out\vs2022\simple3dproject.dir\debug\simple3dproject.tlog\cl.items.tlog
c:\users\peera\onedrive\documents\github\simple3dproject\out\vs2022\simple3dproject.dir\debug\simple3dproject.tlog\cl.read.1.tlog
c:\users\peera\onedrive\documents\github\simple3dproject\out\vs2022\simple3dproject.dir\debug\simple3dproject.tlog\cl.write.1.tlog
c:\users\peera\onedrive\documents\github\simple3dproject\out\vs2022\simple3dproject.dir\debug\simple3dproject.tlog\custombuild.command.1.tlog
c:\users\peera\onedrive\documents\github\simple3dproject\out\vs2022\simple3dproject.dir\debug\simple3dproject.tlog\custombuild.read.1.tlog
c:\users\peera\onedrive\documents\github\simple3dproject\out\vs2022\simple3dproject.dir\debug\simple3dproject.tlog\custombuild.write.1.tlog
c:\users\peera\onedrive\documents\github\simple3dproject\out\vs2022\simple3dproject.dir\debug\simple3dproject.tlog\link.command.1.tlog
c:\users\peera\onedrive\documents\github\simple3dproject\out\vs2022\simple3dproject.dir\debug\simple3dproject.tlog\link.read.1.tlog
c:\users\peera\onedrive\documents\github\simple3dproject\out\vs2022\simple3dproject.dir\debug\simple3dproject.tlog\link.secondary.1.tlog
c:\users\peera\onedrive\documents\github\simple3dproject\out\vs2022\simple3dproject.dir\debug\simple3dproject.tlog\link.write.1.tlog
